#
# A fatal error has been detected by the Java Runtime Environment:
#
#  Internal Error (javaClasses.cpp:126), pid=3572, tid=7324
#  fatal error: Invalid layout of preloaded class
#
# JRE version:  (8.0_20-b26) (build )
# Java VM: Java HotSpot(TM) 64-Bit Server VM (25.20-b23 mixed mode windows-amd64 compressed oops)
# Failed to write core dump. Minidumps are not enabled by default on client versions of Windows
#
# If you would like to submit a bug report, please visit:
#   http://bugreport.sun.com/bugreport/crash.jsp
#

---------------  T H R E A D  ---------------

Current thread (0x00000000029f0800):  JavaThread "Unknown thread" [_thread_in_vm, id=7324, stack(0x00000000011b0000,0x00000000012b0000)]

Stack: [0x00000000011b0000,0x00000000012b0000]
Native frames: (J=compiled Java code, j=interpreted, Vv=VM code, C=native code)
V  [jvm.dll+0x3152fa]
V  [jvm.dll+0x265d03]
V  [jvm.dll+0x266943]
V  [jvm.dll+0x25e1e6]
V  [jvm.dll+0x5e64c]
V  [jvm.dll+0x5e743]
V  [jvm.dll+0x7316a]
V  [jvm.dll+0x734c8]
V  [jvm.dll+0xe3937]
V  [jvm.dll+0xe3cc6]
V  [jvm.dll+0x1f89d7]
V  [jvm.dll+0x229fc4]
V  [jvm.dll+0x14c6f1]
C  [javaw.exe+0x20c6]
C  [javaw.exe+0xc9eb]
C  [javaw.exe+0xca7f]
C  [KERNEL32.DLL+0x16ad]
C  [ntdll.dll+0x54409]


---------------  P R O C E S S  ---------------

Java Threads: ( => current thread )

Other Threads:

=>0x00000000029f0800 (exited) JavaThread "Unknown thread" [_thread_in_vm, id=7324, stack(0x00000000011b0000,0x00000000012b0000)]

VM state:not at safepoint (not fully initialized)

VM Mutex/Monitor currently owned by a thread: None

GC Heap History (0 events):
No events

Deoptimization events (0 events):
No events

Internal exceptions (0 events):
No events

Events (10 events):
Event: 0.031 loading class java/lang/CharSequence done
Event: 0.032 loading class java/lang/String done
Event: 0.032 loading class java/lang/Class
Event: 0.032 loading class java/lang/reflect/AnnotatedElement
Event: 0.032 loading class java/lang/reflect/AnnotatedElement done
Event: 0.032 loading class java/lang/reflect/GenericDeclaration
Event: 0.032 loading class java/lang/reflect/GenericDeclaration done
Event: 0.032 loading class java/lang/reflect/Type
Event: 0.032 loading class java/lang/reflect/Type done
Event: 0.033 loading class java/lang/Class done


Dynamic libraries:
0x00007ff607e20000 - 0x00007ff607e54000 	C:\Program Files\Java\jre1.8.0_20\bin\javaw.exe
0x00007ffddb7d0000 - 0x00007ffddb976000 	C:\Windows\SYSTEM32\ntdll.dll
0x00007ffddae80000 - 0x00007ffddafba000 	C:\Windows\system32\KERNEL32.DLL
0x00007ffdd8d10000 - 0x00007ffdd8e1f000 	C:\Windows\system32\KERNELBASE.dll
0x00007ffdd7750000 - 0x00007ffdd77d8000 	C:\Windows\system32\apphelp.dll
0x00007ffdc2470000 - 0x00007ffdc24bf000 	C:\Windows\AppPatch\AppPatch64\AcGenral.DLL
0x00007ffddaaf0000 - 0x00007ffddab97000 	C:\Windows\system32\msvcrt.dll
0x00007ffdd89f0000 - 0x00007ffdd8a1b000 	C:\Windows\SYSTEM32\SspiCli.dll
0x00007ffddae20000 - 0x00007ffddae71000 	C:\Windows\system32\SHLWAPI.dll
0x00007ffddb2e0000 - 0x00007ffddb451000 	C:\Windows\system32\USER32.dll
0x00007ffdd9050000 - 0x00007ffdd91c8000 	C:\Windows\system32\ole32.dll
0x00007ffdd9310000 - 0x00007ffdda71f000 	C:\Windows\system32\SHELL32.dll
0x00007ffdd8190000 - 0x00007ffdd81ae000 	C:\Windows\SYSTEM32\USERENV.dll
0x00007ffddb5b0000 - 0x00007ffddb655000 	C:\Windows\system32\ADVAPI32.dll
0x00007ffdcbce0000 - 0x00007ffdcbcfb000 	C:\Windows\SYSTEM32\MPR.dll
0x00007ffdd91d0000 - 0x00007ffdd9307000 	C:\Windows\system32\RPCRT4.dll
0x00007ffddac00000 - 0x00007ffddac57000 	C:\Windows\SYSTEM32\sechost.dll
0x00007ffdda830000 - 0x00007ffddaa06000 	C:\Windows\SYSTEM32\combase.dll
0x00007ffddb460000 - 0x00007ffddb5a4000 	C:\Windows\system32\GDI32.dll
0x00007ffdd8b40000 - 0x00007ffdd8b54000 	C:\Windows\SYSTEM32\profapi.dll
0x00007ffdd6bb0000 - 0x00007ffdd6c4f000 	C:\Windows\SYSTEM32\SHCORE.dll
0x00007ffddaa10000 - 0x00007ffddaa44000 	C:\Windows\system32\IMM32.DLL
0x00007ffddb1a0000 - 0x00007ffddb2d9000 	C:\Windows\system32\MSCTF.dll
0x00007ffdd6780000 - 0x00007ffdd69da000 	C:\Windows\WinSxS\amd64_microsoft.windows.common-controls_6595b64144ccf1df_6.0.9600.17031_none_6242a4b3ecbb55a1\COMCTL32.dll
0x0000000071760000 - 0x0000000071832000 	C:\Program Files\Java\jre1.8.0_20\bin\msvcr100.dll
0x0000000070f00000 - 0x0000000071758000 	C:\Program Files\Java\jre1.8.0_20\bin\server\jvm.dll
0x00007ffdcdca0000 - 0x00007ffdcdca9000 	C:\Windows\SYSTEM32\WSOCK32.dll
0x00007ffdd55b0000 - 0x00007ffdd55cf000 	C:\Windows\SYSTEM32\WINMM.dll
0x00007ffddb660000 - 0x00007ffddb667000 	C:\Windows\system32\PSAPI.DLL
0x00007ffddb760000 - 0x00007ffddb7b8000 	C:\Windows\system32\WS2_32.dll
0x00007ffdd6e10000 - 0x00007ffdd6e3a000 	C:\Windows\SYSTEM32\WINMMBASE.dll
0x00007ffddb7c0000 - 0x00007ffddb7c9000 	C:\Windows\system32\NSI.dll
0x00007ffdd8c10000 - 0x00007ffdd8c5a000 	C:\Windows\SYSTEM32\cfgmgr32.dll
0x00007ffdd79b0000 - 0x00007ffdd79d6000 	C:\Windows\SYSTEM32\DEVOBJ.dll
0x0000000070ef0000 - 0x0000000070eff000 	C:\Program Files\Java\jre1.8.0_20\bin\verify.dll
0x0000000070ec0000 - 0x0000000070ee8000 	C:\Program Files\Java\jre1.8.0_20\bin\java.dll
0x0000000070ea0000 - 0x0000000070eb6000 	C:\Program Files\Java\jre1.8.0_20\bin\zip.dll
0x00007ffdce770000 - 0x00007ffdce8f8000 	C:\Windows\SYSTEM32\dbghelp.dll

VM Arguments:
jvm_args: -Dfile.encoding=Cp1252 -Xbootclasspath:F:\adt-bundle-windows-x86_64-20140702\sdk\platforms\android-19\android.jar 
java_command: com.example.hw8.DatabaseConfigUtil
java_class_path (initial): F:\MobileApp Workspace\HW8\bin\classes;F:\MobileApp Workspace\HW8\libs\picasso-2.3.4.jar;F:\MobileApp Workspace\HW8\libs\android-support-v4.jar;F:\MobileApp Workspace\google-play-services_lib\libs\google-play-services.jar;F:\MobileApp Workspace\HW8\libs\ormlite-android-4.47.jar;F:\MobileApp Workspace\HW8\libs\ormlite-core-4.47.jar;F:\MobileApp Workspace\google-play-services_lib\bin\google-play-services_lib.jar
Launcher Type: SUN_STANDARD

Environment Variables:
PATH=C:\ProgramData\Oracle\Java\javapath;c:\Program Files (x86)\Intel\iCLS Client\;c:\Program Files\Intel\iCLS Client\;C:\Windows\system32;C:\Windows;C:\Windows\System32\Wbem;C:\Windows\System32\WindowsPowerShell\v1.0\;C:\Program Files\Intel\Intel(R) Management Engine Components\DAL;C:\Program Files\Intel\Intel(R) Management Engine Components\IPT;C:\Program Files (x86)\Intel\Intel(R) Management Engine Components\DAL;C:\Program Files (x86)\Intel\Intel(R) Management Engine Components\IPT;C:\Program Files\Intel\WiFi\bin\;C:\Program Files\Common Files\Intel\WirelessCommon\;C:\Program Files (x86)\Windows Live\Shared;C:\Program Files\Java\jdk1.8.0\bin;C:\GNAT\2014\bin
USERNAME=HARISHSAINATH
OS=Windows_NT
PROCESSOR_IDENTIFIER=Intel64 Family 6 Model 69 Stepping 1, GenuineIntel



---------------  S Y S T E M  ---------------

OS: Windows 8.1 , 64 bit Build 9600 

CPU:total 4 (2 cores per cpu, 2 threads per core) family 6 model 69 stepping 1, cmov, cx8, fxsr, mmx, sse, sse2, sse3, ssse3, sse4.1, sse4.2, popcnt, avx, avx2, aes, clmul, erms, lzcnt, ht, tsc, tscinvbit, bmi1, bmi2

Memory: 4k page, physical 6169560k(1154892k free), swap 12461016k(5098792k free)

vm_info: Java HotSpot(TM) 64-Bit Server VM (25.20-b23) for windows-amd64 JRE (1.8.0_20-b26), built on Jul 30 2014 13:51:23 by "java_re" with MS VC++ 10.0 (VS2010)

time: Mon Nov 24 15:28:34 2014
elapsed time: 0 seconds (0d 0h 0m 0s)

