#
# A fatal error has been detected by the Java Runtime Environment:
#
#  Internal Error (javaClasses.cpp:126), pid=5340, tid=5740
#  fatal error: Invalid layout of preloaded class
#
# JRE version:  (8.0_20-b26) (build )
# Java VM: Java HotSpot(TM) 64-Bit Server VM (25.20-b23 mixed mode windows-amd64 compressed oops)
# Failed to write core dump. Minidumps are not enabled by default on client versions of Windows
#
# If you would like to submit a bug report, please visit:
#   http://bugreport.sun.com/bugreport/crash.jsp
#

---------------  T H R E A D  ---------------

Current thread (0x0000000001e30800):  JavaThread "Unknown thread" [_thread_in_vm, id=5740, stack(0x0000000001d30000,0x0000000001e30000)]

Stack: [0x0000000001d30000,0x0000000001e30000]
Native frames: (J=compiled Java code, j=interpreted, Vv=VM code, C=native code)
V  [jvm.dll+0x3152fa]
V  [jvm.dll+0x265d03]
V  [jvm.dll+0x266943]
V  [jvm.dll+0x25e1e6]
V  [jvm.dll+0x5e64c]
V  [jvm.dll+0x5e743]
V  [jvm.dll+0x7316a]
V  [jvm.dll+0x734c8]
V  [jvm.dll+0xe3937]
V  [jvm.dll+0xe3cc6]
V  [jvm.dll+0x1f89d7]
V  [jvm.dll+0x229fc4]
V  [jvm.dll+0x14c6f1]
C  [javaw.exe+0x20c6]
C  [javaw.exe+0xc9eb]
C  [javaw.exe+0xca7f]
C  [KERNEL32.DLL+0x16ad]
C  [ntdll.dll+0x54409]


---------------  P R O C E S S  ---------------

Java Threads: ( => current thread )

Other Threads:

=>0x0000000001e30800 (exited) JavaThread "Unknown thread" [_thread_in_vm, id=5740, stack(0x0000000001d30000,0x0000000001e30000)]

VM state:not at safepoint (not fully initialized)

VM Mutex/Monitor currently owned by a thread: None

GC Heap History (0 events):
No events

Deoptimization events (0 events):
No events

Internal exceptions (0 events):
No events

Events (10 events):
Event: 0.010 loading class java/lang/CharSequence done
Event: 0.010 loading class java/lang/String done
Event: 0.010 loading class java/lang/Class
Event: 0.011 loading class java/lang/reflect/AnnotatedElement
Event: 0.011 loading class java/lang/reflect/AnnotatedElement done
Event: 0.011 loading class java/lang/reflect/GenericDeclaration
Event: 0.011 loading class java/lang/reflect/GenericDeclaration done
Event: 0.011 loading class java/lang/reflect/Type
Event: 0.011 loading class java/lang/reflect/Type done
Event: 0.011 loading class java/lang/Class done


Dynamic libraries:
0x00007ff6ea080000 - 0x00007ff6ea0b4000 	C:\Program Files\Java\jre1.8.0_20\bin\javaw.exe
0x00007fff0e090000 - 0x00007fff0e236000 	C:\Windows\SYSTEM32\ntdll.dll
0x00007fff0dac0000 - 0x00007fff0dbfa000 	C:\Windows\system32\KERNEL32.DLL
0x00007fff0b580000 - 0x00007fff0b68f000 	C:\Windows\system32\KERNELBASE.dll
0x00007fff09cf0000 - 0x00007fff09d78000 	C:\Windows\system32\apphelp.dll
0x00007fff04c30000 - 0x00007fff04c7f000 	C:\Windows\AppPatch\AppPatch64\AcGenral.DLL
0x00007fff0bb40000 - 0x00007fff0bbe7000 	C:\Windows\system32\msvcrt.dll
0x00007fff0b2c0000 - 0x00007fff0b2eb000 	C:\Windows\SYSTEM32\SspiCli.dll
0x00007fff0dff0000 - 0x00007fff0e041000 	C:\Windows\system32\SHLWAPI.dll
0x00007fff0b9c0000 - 0x00007fff0bb31000 	C:\Windows\system32\USER32.dll
0x00007fff0dc00000 - 0x00007fff0dd78000 	C:\Windows\system32\ole32.dll
0x00007fff0bf40000 - 0x00007fff0d34f000 	C:\Windows\system32\SHELL32.dll
0x00007fff0aa20000 - 0x00007fff0aa3e000 	C:\Windows\SYSTEM32\USERENV.dll
0x00007fff0dd80000 - 0x00007fff0de25000 	C:\Windows\system32\ADVAPI32.dll
0x00007ffef7a90000 - 0x00007ffef7aab000 	C:\Windows\SYSTEM32\MPR.dll
0x00007fff0deb0000 - 0x00007fff0dfe7000 	C:\Windows\system32\RPCRT4.dll
0x00007fff0d360000 - 0x00007fff0d3b7000 	C:\Windows\SYSTEM32\sechost.dll
0x00007fff0d3d0000 - 0x00007fff0d5a6000 	C:\Windows\SYSTEM32\combase.dll
0x00007fff0bc50000 - 0x00007fff0bd94000 	C:\Windows\system32\GDI32.dll
0x00007fff0b410000 - 0x00007fff0b424000 	C:\Windows\SYSTEM32\profapi.dll
0x00007fff099b0000 - 0x00007fff09a4f000 	C:\Windows\SYSTEM32\SHCORE.dll
0x00007fff0e050000 - 0x00007fff0e084000 	C:\Windows\system32\IMM32.DLL
0x00007fff0d7a0000 - 0x00007fff0d8d9000 	C:\Windows\system32\MSCTF.dll
0x00007fff0a6c0000 - 0x00007fff0a91a000 	C:\Windows\WinSxS\amd64_microsoft.windows.common-controls_6595b64144ccf1df_6.0.9600.17031_none_6242a4b3ecbb55a1\COMCTL32.dll
0x0000000065c60000 - 0x0000000065d32000 	C:\Program Files\Java\jre1.8.0_20\bin\msvcr100.dll
0x0000000064d80000 - 0x00000000655d8000 	C:\Program Files\Java\jre1.8.0_20\bin\server\jvm.dll
0x00007fff01ce0000 - 0x00007fff01ce9000 	C:\Windows\SYSTEM32\WSOCK32.dll
0x00007fff09290000 - 0x00007fff092af000 	C:\Windows\SYSTEM32\WINMM.dll
0x00007fff0d5b0000 - 0x00007fff0d5b7000 	C:\Windows\system32\PSAPI.DLL
0x00007fff0bbf0000 - 0x00007fff0bc48000 	C:\Windows\system32\WS2_32.dll
0x00007fff09260000 - 0x00007fff0928a000 	C:\Windows\SYSTEM32\WINMMBASE.dll
0x00007fff0d350000 - 0x00007fff0d359000 	C:\Windows\system32\NSI.dll
0x00007fff0b4e0000 - 0x00007fff0b52a000 	C:\Windows\SYSTEM32\cfgmgr32.dll
0x00007fff09f40000 - 0x00007fff09f66000 	C:\Windows\SYSTEM32\DEVOBJ.dll
0x0000000065c50000 - 0x0000000065c5f000 	C:\Program Files\Java\jre1.8.0_20\bin\verify.dll
0x0000000065c20000 - 0x0000000065c48000 	C:\Program Files\Java\jre1.8.0_20\bin\java.dll
0x0000000065c00000 - 0x0000000065c16000 	C:\Program Files\Java\jre1.8.0_20\bin\zip.dll
0x00007fff00b70000 - 0x00007fff00cf8000 	C:\Windows\SYSTEM32\dbghelp.dll

VM Arguments:
jvm_args: -Dfile.encoding=Cp1252 -Xbootclasspath:F:\adt-bundle-windows-x86_64-20140702\sdk\platforms\android-19\android.jar 
java_command: com.example.hw7.DatabaseConfigUtil
java_class_path (initial): F:\MobileApp Workspace\HW7\bin\classes;F:\MobileApp Workspace\HW7\libs\picasso-2.3.4.jar;F:\MobileApp Workspace\HW7\libs\android-support-v4.jar;F:\MobileApp Workspace\HW7\libs\ormlite-android-4.47.jar;F:\MobileApp Workspace\HW7\libs\ormlite-core-4.47.jar;G:\Mad Videos\ormlite-android-4.47.jar;G:\Mad Videos\ormlite-android-4.47-javadoc.jar;G:\Mad Videos\ormlite-android-4.47-sources.jar;G:\Mad Videos\ormlite-core-4.47.jar;G:\Mad Videos\ormlite-core-4.47-javadoc.jar;G:\Mad Videos\ormlite-core-4.47-sources.jar;G:\Mad Videos\picasso-2.3.4.jar
Launcher Type: SUN_STANDARD

Environment Variables:
PATH=C:\ProgramData\Oracle\Java\javapath;c:\Program Files (x86)\Intel\iCLS Client\;c:\Program Files\Intel\iCLS Client\;C:\Windows\system32;C:\Windows;C:\Windows\System32\Wbem;C:\Windows\System32\WindowsPowerShell\v1.0\;C:\Program Files\Intel\Intel(R) Management Engine Components\DAL;C:\Program Files\Intel\Intel(R) Management Engine Components\IPT;C:\Program Files (x86)\Intel\Intel(R) Management Engine Components\DAL;C:\Program Files (x86)\Intel\Intel(R) Management Engine Components\IPT;C:\Program Files\Intel\WiFi\bin\;C:\Program Files\Common Files\Intel\WirelessCommon\;C:\Program Files (x86)\Windows Live\Shared;C:\Program Files\Java\jdk1.8.0\bin;C:\GNAT\2014\bin
USERNAME=HARISHSAINATH
OS=Windows_NT
PROCESSOR_IDENTIFIER=Intel64 Family 6 Model 69 Stepping 1, GenuineIntel



---------------  S Y S T E M  ---------------

OS: Windows 8.1 , 64 bit Build 9600 

CPU:total 4 (2 cores per cpu, 2 threads per core) family 6 model 69 stepping 1, cmov, cx8, fxsr, mmx, sse, sse2, sse3, ssse3, sse4.1, sse4.2, popcnt, avx, avx2, aes, clmul, erms, lzcnt, ht, tsc, tscinvbit, bmi1, bmi2

Memory: 4k page, physical 6169560k(2631400k free), swap 12461016k(7513116k free)

vm_info: Java HotSpot(TM) 64-Bit Server VM (25.20-b23) for windows-amd64 JRE (1.8.0_20-b26), built on Jul 30 2014 13:51:23 by "java_re" with MS VC++ 10.0 (VS2010)

time: Sat Nov 01 17:23:37 2014
elapsed time: 0 seconds (0d 0h 0m 0s)

